<?xml version="1.0" encoding="UTF-8"?>
<!-- Generated by org.testng.reporters.JUnitXMLReporter -->
<testsuite ignored="0" hostname="DESKTOP-DF22MQA" failures="0" tests="4" name="CreateUser" time="17.141" errors="0" timestamp="2021-06-20T18:00:08 IST">
  <testcase classname="apiTests.CreateUser" name="createUser" time="9.603"/>
  <testcase classname="apiTests.CreateUser" name="createUser" time="0.985"/>
  <testcase classname="apiTests.CreateUser" name="createUser" time="0.826"/>
  <testcase classname="apiTests.CreateUser" name="createUser" time="1.239"/>
</testsuite> <!-- CreateUser -->
