<?xml version="1.0" encoding="UTF-8"?>
<testsuite xmlns:xsi="http://www.w3.org/2001/XMLSchema-instance" xsi:noNamespaceSchemaLocation="https://maven.apache.org/surefire/maven-surefire-plugin/xsd/surefire-test-report-3.0.xsd" version="3.0" name="TestSuite" time="26.07" tests="6" errors="0" skipped="0" failures="0">
  <properties>
[...]
</properties>
  <testcase name="createUser[Bharat, Doctor](1)" classname="apiTests.CreateUser" time="9.552">
    <system-err><![CDATA[SLF4J: Failed to load class "org.slf4j.impl.StaticLoggerBinder".
SLF4J: Defaulting to no-operation (NOP) logger implementation
SLF4J: See http://www.slf4j.org/codes.html#StaticLoggerBinder for further details.
]]></system-err>
  </testcase>
  <testcase name="createUser[Tuku, Crickter](2)" classname="apiTests.CreateUser" time="0.985"/>
  <testcase name="createUser[Rohit, Cricketer](3)" classname="apiTests.CreateUser" time="0.826"/>
  <testcase name="createUser[Nish, Politician](4)" classname="apiTests.CreateUser" time="1.239"/>
  <testcase name="getListOfUsers" classname="apiTests.GetAllUsers" time="1.021">
    <system-out><![CDATA[Michael-Lawson
Lindsay-Ferguson
Tobias-Funke
Byron-Fields
George-Edwards
Rachel-Howell
]]></system-out>
  </testcase>
  <testcase name="verifyNoOfUsers" classname="apiTests.GetAllUsers" time="0.571"/>
</testsuite>